<?xml version="1.0" encoding="UTF-8"?>
<!-- Generated by org.testng.reporters.JUnitReportReporter -->
<testsuite hostname="LAPTOP-9QIR5HDE" failures="0" tests="2" name="RunTests" time="28.531" errors="0" timestamp="2024-12-27T00:08:50 CET" skipped="0">
  <testcase classname="RunTests" name="runScenario" time="13.629"/>
  <testcase classname="RunTests" name="runScenario" time="14.902"/>
</testsuite> <!-- RunTests -->
