<?xml version="1.0" encoding="UTF-8"?>
<!-- Generated by org.testng.reporters.JUnitReportReporter -->
<testsuite hostname="LAPTOP-9QIR5HDE" failures="0" tests="2" name="RunTests" time="36.432" errors="0" timestamp="2024-12-24T21:18:26 CET" skipped="0">
  <testcase classname="RunTests" name="runScenario" time="18.631"/>
  <testcase classname="RunTests" name="runScenario" time="17.801"/>
</testsuite> <!-- RunTests -->
