<?xml version="1.0" encoding="UTF-8"?>
<!-- Generated by org.testng.reporters.JUnitReportReporter -->
<testsuite hostname="LAPTOP-9QIR5HDE" failures="0" tests="22" name="RunTests" time="432.664" errors="1" timestamp="2024-12-26T22:58:00 CET" skipped="0">
  <testcase classname="RunTests" name="runScenario" time="16.507"/>
  <testcase classname="RunTests" name="runScenario" time="16.422"/>
  <testcase classname="RunTests" name="runScenario" time="15.981"/>
  <testcase classname="RunTests" name="runScenario" time="16.223"/>
  <testcase classname="RunTests" name="runScenario" time="15.940"/>
  <testcase classname="RunTests" name="runScenario" time="14.990"/>
  <testcase classname="RunTests" name="runScenario" time="48.394"/>
  <testcase classname="RunTests" name="runScenario" time="32.348"/>
  <testcase classname="RunTests" name="runScenario" time="23.145"/>
  <testcase classname="RunTests" name="runScenario" time="17.531"/>
  <testcase classname="RunTests" name="runScenario" time="16.708"/>
  <testcase classname="RunTests" name="runScenario" time="23.482"/>
  <testcase classname="RunTests" name="runScenario" time="16.324"/>
  <testcase classname="RunTests" name="runScenario" time="15.878"/>
  <testcase classname="RunTests" name="runScenario" time="13.159"/>
  <testcase classname="RunTests" name="runScenario" time="14.572"/>
  <testcase classname="RunTests" name="runScenario" time="32.888"/>
  <testcase classname="RunTests" name="runScenario" time="12.893">
    <error message="Element &lt;a class=&quot;hnf-skip-to-content hnf-btn hnf-btn--secondary&quot; href=&quot;#hnf-content&quot;&gt; could not be scrolled into view
Build info: version: &#039;4.27.0&#039;, revision: &#039;d6e718d134&#039;
System info: os.name: &#039;Windows 10&#039;, os.arch: &#039;amd64&#039;, os.version: &#039;10.0&#039;, java.version: &#039;22.0.2&#039;
Driver info: org.openqa.selenium.firefox.FirefoxDriver
Command: [39bbde07-2a7c-4561-9d05-acbd78a4c110, clickElement {id=905d8aad-5cfb-407f-868c-5a00a19adde9}]
Capabilities {acceptInsecureCerts: true, browserName: firefox, browserVersion: 133.0.3, moz:accessibilityChecks: false, moz:buildID: 20241209150345, moz:debuggerAddress: 127.0.0.1:22018, moz:geckodriverVersion: 0.34.0, moz:headless: false, moz:platformVersion: 10.0, moz:processID: 6104, moz:profile: C:\Users\julen\AppData\Loca..., moz:shutdownTimeout: 60000, moz:webdriverClick: true, moz:windowless: false, pageLoadStrategy: normal, platformName: windows, proxy: Proxy(), se:cdp: ws://127.0.0.1:22018/devtoo..., se:cdpVersion: 85.0, setWindowRect: true, strictFileInteractability: false, timeouts: {implicit: 0, pageLoad: 300000, script: 30000}, unhandledPromptBehavior: dismiss and notify, userAgent: Mozilla/5.0 (Windows NT 10....}
Element: [[FirefoxDriver: firefox on windows (39bbde07-2a7c-4561-9d05-acbd78a4c110)] -&gt; xpath: //a[contains(@href, &#039;#&#039;)]]
Session ID: 39bbde07-2a7c-4561-9d05-acbd78a4c110" type="org.openqa.selenium.ElementNotInteractableException">
      <![CDATA[org.openqa.selenium.ElementNotInteractableException: Element <a class="hnf-skip-to-content hnf-btn hnf-btn--secondary" href="#hnf-content"> could not be scrolled into view
Build info: version: '4.27.0', revision: 'd6e718d134'
System info: os.name: 'Windows 10', os.arch: 'amd64', os.version: '10.0', java.version: '22.0.2'
Driver info: org.openqa.selenium.firefox.FirefoxDriver
Command: [39bbde07-2a7c-4561-9d05-acbd78a4c110, clickElement {id=905d8aad-5cfb-407f-868c-5a00a19adde9}]
Capabilities {acceptInsecureCerts: true, browserName: firefox, browserVersion: 133.0.3, moz:accessibilityChecks: false, moz:buildID: 20241209150345, moz:debuggerAddress: 127.0.0.1:22018, moz:geckodriverVersion: 0.34.0, moz:headless: false, moz:platformVersion: 10.0, moz:processID: 6104, moz:profile: C:\Users\julen\AppData\Loca..., moz:shutdownTimeout: 60000, moz:webdriverClick: true, moz:windowless: false, pageLoadStrategy: normal, platformName: windows, proxy: Proxy(), se:cdp: ws://127.0.0.1:22018/devtoo..., se:cdpVersion: 85.0, setWindowRect: true, strictFileInteractability: false, timeouts: {implicit: 0, pageLoad: 300000, script: 30000}, unhandledPromptBehavior: dismiss and notify, userAgent: Mozilla/5.0 (Windows NT 10....}
Element: [[FirefoxDriver: firefox on windows (39bbde07-2a7c-4561-9d05-acbd78a4c110)] -> xpath: //a[contains(@href, '#')]]
Session ID: 39bbde07-2a7c-4561-9d05-acbd78a4c110
at java.base/jdk.internal.reflect.DirectConstructorHandleAccessor.newInstance(DirectConstructorHandleAccessor.java:62)
at java.base/java.lang.reflect.Constructor.newInstanceWithCaller(Constructor.java:502)
at java.base/java.lang.reflect.Constructor.newInstance(Constructor.java:486)
at org.openqa.selenium.remote.ErrorCodec.decode(ErrorCodec.java:167)
at org.openqa.selenium.remote.codec.w3c.W3CHttpResponseCodec.decode(W3CHttpResponseCodec.java:138)
at org.openqa.selenium.remote.codec.w3c.W3CHttpResponseCodec.decode(W3CHttpResponseCodec.java:50)
at org.openqa.selenium.remote.HttpCommandExecutor.execute(HttpCommandExecutor.java:190)
at org.openqa.selenium.remote.service.DriverCommandExecutor.invokeExecute(DriverCommandExecutor.java:216)
at org.openqa.selenium.remote.service.DriverCommandExecutor.execute(DriverCommandExecutor.java:174)
at org.openqa.selenium.remote.RemoteWebDriver.execute(RemoteWebDriver.java:545)
at org.openqa.selenium.remote.RemoteWebElement.execute(RemoteWebElement.java:223)
at org.openqa.selenium.remote.RemoteWebElement.click(RemoteWebElement.java:76)
at steps.generalSteps.clicAEnlace(generalSteps.java:193)
at ✽.el usuario haga clic en el enlace "#"(file:///C:/Users/julen/eclipse-workspace/Practica2-TQS/src/test/java/features/IniciarSesión.feature:7)
]]>
    </error>
  </testcase> <!-- runScenario -->
  <testcase classname="RunTests" name="runScenario" time="16.172"/>
  <testcase classname="RunTests" name="runScenario" time="23.411"/>
  <testcase classname="RunTests" name="runScenario" time="13.444"/>
  <testcase classname="RunTests" name="runScenario" time="16.252"/>
</testsuite> <!-- RunTests -->
