<?xml version="1.0" encoding="UTF-8"?>
<!-- Generated by org.testng.reporters.JUnitReportReporter -->
<testsuite hostname="LAPTOP-9QIR5HDE" failures="0" tests="1" name="RunTests" time="30.711" errors="0" timestamp="2024-12-24T23:49:13 CET" skipped="0">
  <testcase classname="RunTests" name="runScenario" time="30.711"/>
</testsuite> <!-- RunTests -->
