<?xml version="1.0" encoding="UTF-8"?>
<!-- Generated by org.testng.reporters.JUnitReportReporter -->
<testsuite hostname="LAPTOP-9QIR5HDE" failures="0" tests="3" name="RunTests" time="38.170" errors="0" timestamp="2024-12-23T22:12:04 CET" skipped="0">
  <testcase classname="RunTests" name="runScenario" time="12.539"/>
  <testcase classname="RunTests" name="runScenario" time="12.280"/>
  <testcase classname="RunTests" name="runScenario" time="13.351"/>
</testsuite> <!-- RunTests -->
