<?xml version="1.0" encoding="UTF-8"?>
<!-- Generated by org.testng.reporters.JUnitReportReporter -->
<testsuite hostname="LAPTOP-9QIR5HDE" failures="0" tests="2" name="RunTests" time="53.250" errors="0" timestamp="2024-12-24T14:15:51 CET" skipped="0">
  <testcase classname="RunTests" name="runScenario" time="25.677"/>
  <testcase classname="RunTests" name="runScenario" time="27.573"/>
</testsuite> <!-- RunTests -->
