<?xml version="1.0" encoding="UTF-8"?>
<!-- Generated by org.testng.reporters.JUnitReportReporter -->
<testsuite hostname="LAPTOP-9QIR5HDE" failures="0" tests="1" name="RunTests" time="11.270" errors="0" timestamp="2024-12-23T21:01:12 CET" skipped="0">
  <testcase classname="RunTests" name="runScenario" time="11.270"/>
</testsuite> <!-- RunTests -->
